<?xml version="1.0" encoding="UTF-8"?>
<testsuite name="br.com.crescer.tcc.service.UsuarioTest" time="0.466" tests="3" errors="1" skipped="0" failures="0">
  <properties>
[...]
</properties>
  <testcase name="testarFindByEmail" classname="br.com.crescer.tcc.service.UsuarioTest" time="0.032"/>
  <testcase name="salvar" classname="br.com.crescer.tcc.service.UsuarioTest" time="0.434">
    <error message="&#10;Unfinished stubbing detected here:&#10;-&gt; at br.com.crescer.tcc.service.UsuarioTest.salvar(UsuarioTest.java:83)&#10;&#10;E.g. thenReturn() may be missing.&#10;Examples of correct stubbing:&#10;    when(mock.isOk()).thenReturn(true);&#10;    when(mock.isOk()).thenThrow(exception);&#10;    doThrow(exception).when(mock).someVoidMethod();&#10;Hints:&#10; 1. missing thenReturn()&#10; 2. you are trying to stub a final method, you naughty developer!&#10; 3: you are stubbing the behaviour of another mock inside before &apos;thenReturn&apos; instruction if completed&#10;" type="org.mockito.exceptions.misusing.UnfinishedStubbingException">org.mockito.exceptions.misusing.UnfinishedStubbingException: 
Unfinished stubbing detected here:
-> at br.com.crescer.tcc.service.UsuarioTest.salvar(UsuarioTest.java:83)

E.g. thenReturn() may be missing.
Examples of correct stubbing:
    when(mock.isOk()).thenReturn(true);
    when(mock.isOk()).thenThrow(exception);
    doThrow(exception).when(mock).someVoidMethod();
Hints:
 1. missing thenReturn()
 2. you are trying to stub a final method, you naughty developer!
 3: you are stubbing the behaviour of another mock inside before 'thenReturn' instruction if completed

	at br.com.crescer.tcc.service.UsuarioService.save(UsuarioService.java:38)
	at br.com.crescer.tcc.service.UsuarioTest.salvar(UsuarioTest.java:84)
</error>
  </testcase>
  <testcase name="testarLoadById" classname="br.com.crescer.tcc.service.UsuarioTest" time="0"/>
</testsuite>